<?xml version="1.0" encoding="UTF-8"?>
<!-- Generated by org.testng.reporters.JUnitReportReporter -->
<testsuite hostname="DESKTOP-JACOFGL" failures="0" tests="1" name="Practise.DemoExample2" time="2.977" errors="0" timestamp="2024-05-01T10:42:53 IST" skipped="0">
  <testcase classname="Practise.DemoExample2" name="Example2" time="2.977"/>
</testsuite> <!-- Practise.DemoExample2 -->
